########### array before sorts ###########
0	9.800000	2.200000	9.714449	3.505262	n
1	9.714449	3.505262	9.459258	4.788190	n
2	9.459258	4.788190	8.460254	7.200000	n
3	8.460254	7.200000	6.871068	9.271068	n
4	6.871068	9.271068	4.800000	10.860254	n
5	4.800000	10.860254	2.388190	11.859258	n
6	2.388190	11.859258	-0.200000	12.200000	n
7	-0.200000	12.200000	-2.788190	11.859258	n
8	-2.788190	11.859258	-5.200000	10.860254	n
9	-5.200000	10.860254	-7.271068	9.271068	n
10	-7.271068	9.271068	-8.860254	7.200000	n
11	-8.860254	7.200000	-9.859258	4.788190	n
12	-9.859258	4.788190	-10.200000	2.200000	n
13	-10.200000	2.200000	-9.859258	-0.388190	n
14	-9.859258	-0.388190	-8.860254	-2.800000	n
15	-8.860254	-2.800000	-7.271068	-4.871068	n
16	-7.271068	-4.871068	-5.200000	-6.460254	n
17	-5.200000	-6.460254	-2.788191	-7.459258	n
18	-2.788191	-7.459258	-0.200000	-7.800000	n
19	-0.200000	-7.800000	2.388190	-7.459258	n
20	2.388190	-7.459258	4.800000	-6.460254	n
21	4.800000	-6.460254	6.871068	-4.871068	n
22	6.871068	-4.871068	8.460254	-2.800000	n
23	8.460254	-2.800000	9.459258	-0.388191	n
24	9.459258	-0.388191	9.800000	2.200000	n
Tolerance=0.050000.
*Exact match for i=0 and j=1.
*i point 9.800000	2.200000	9.714449	3.505262	y
*Exact match for i=1 and j=2.
*i point 9.714449	3.505262	9.459258	4.788190	y
*Exact match for i=2 and j=3.
*i point 9.459258	4.788190	8.460254	7.200000	y
*Exact match for i=3 and j=4.
*i point 8.460254	7.200000	6.871068	9.271068	y
*Exact match for i=4 and j=5.
*i point 6.871068	9.271068	4.800000	10.860254	y
*Exact match for i=5 and j=6.
*i point 4.800000	10.860254	2.388190	11.859258	y
*Exact match for i=6 and j=7.
*i point 2.388190	11.859258	-0.200000	12.200000	y
*Exact match for i=7 and j=8.
*i point -0.200000	12.200000	-2.788190	11.859258	y
*Exact match for i=8 and j=9.
*i point -2.788190	11.859258	-5.200000	10.860254	y
*Exact match for i=9 and j=10.
*i point -5.200000	10.860254	-7.271068	9.271068	y
*Exact match for i=10 and j=11.
*i point -7.271068	9.271068	-8.860254	7.200000	y
*Exact match for i=11 and j=12.
*i point -8.860254	7.200000	-9.859258	4.788190	y
*Exact match for i=12 and j=13.
*i point -9.859258	4.788190	-10.200000	2.200000	y
*Exact match for i=13 and j=14.
*i point -10.200000	2.200000	-9.859258	-0.388190	y
*Exact match for i=14 and j=15.
*i point -9.859258	-0.388190	-8.860254	-2.800000	y
*Exact match for i=15 and j=16.
*i point -8.860254	-2.800000	-7.271068	-4.871068	y
*Exact match for i=16 and j=17.
*i point -7.271068	-4.871068	-5.200000	-6.460254	y
*Exact match for i=17 and j=18.
*i point -5.200000	-6.460254	-2.788191	-7.459258	y
*Exact match for i=18 and j=19.
*i point -2.788191	-7.459258	-0.200000	-7.800000	y
*Exact match for i=19 and j=20.
*i point -0.200000	-7.800000	2.388190	-7.459258	y
*Exact match for i=20 and j=21.
*i point 2.388190	-7.459258	4.800000	-6.460254	y
*Exact match for i=21 and j=22.
*i point 4.800000	-6.460254	6.871068	-4.871068	y
*Exact match for i=22 and j=23.
*i point 6.871068	-4.871068	8.460254	-2.800000	y
*Exact match for i=23 and j=24.
*i point 8.460254	-2.800000	9.459258	-0.388191	y
########### array after sorts ###########
0	9.800000	2.200000	9.714449	3.505262	y
1	9.714449	3.505262	9.459258	4.788190	y
2	9.459258	4.788190	8.460254	7.200000	y
3	8.460254	7.200000	6.871068	9.271068	y
4	6.871068	9.271068	4.800000	10.860254	y
5	4.800000	10.860254	2.388190	11.859258	y
6	2.388190	11.859258	-0.200000	12.200000	y
7	-0.200000	12.200000	-2.788190	11.859258	y
8	-2.788190	11.859258	-5.200000	10.860254	y
9	-5.200000	10.860254	-7.271068	9.271068	y
10	-7.271068	9.271068	-8.860254	7.200000	y
11	-8.860254	7.200000	-9.859258	4.788190	y
12	-9.859258	4.788190	-10.200000	2.200000	y
13	-10.200000	2.200000	-9.859258	-0.388190	y
14	-9.859258	-0.388190	-8.860254	-2.800000	y
15	-8.860254	-2.800000	-7.271068	-4.871068	y
16	-7.271068	-4.871068	-5.200000	-6.460254	y
17	-5.200000	-6.460254	-2.788191	-7.459258	y
18	-2.788191	-7.459258	-0.200000	-7.800000	y
19	-0.200000	-7.800000	2.388190	-7.459258	y
20	2.388190	-7.459258	4.800000	-6.460254	y
21	4.800000	-6.460254	6.871068	-4.871068	y
22	6.871068	-4.871068	8.460254	-2.800000	y
23	8.460254	-2.800000	9.459258	-0.388191	y
24	9.459258	-0.388191	9.800000	2.200000	y
***************
.BOARD_OUTLINE UNOWNED
1.6
0     9.800000     2.200000     0
0     9.714449     3.505262     0
0     9.459258     4.788190     0
0     8.460254     7.200000     0
0     6.871068     9.271068     0
0     4.800000     10.860254     0
0     2.388190     11.859258     0
0     -0.200000     12.200000     0
0     -2.788190     11.859258     0
0     -5.200000     10.860254     0
0     -7.271068     9.271068     0
0     -8.860254     7.200000     0
0     -9.859258     4.788190     0
0     -10.200000     2.200000     0
0     -9.859258     -0.388190     0
0     -8.860254     -2.800000     0
0     -7.271068     -4.871068     0
0     -5.200000     -6.460254     0
0     -2.788191     -7.459258     0
0     -0.200000     -7.800000     0
0     2.388190     -7.459258     0
0     4.800000     -6.460254     0
0     6.871068     -4.871068     0
0     8.460254     -2.800000     0
0     9.459258     -0.388191     0
0     9.800000     2.200000     0
